0 info it worked if it ends with ok
1 verbose cli [ '/Users/cjn/.node/bin/node',
1 verbose cli   '/Users/cjn/.node/bin/npm',
1 verbose cli   'install',
1 verbose cli   '--save-dev',
1 verbose cli   'grunt,',
1 verbose cli   'grunt-cli,',
1 verbose cli   'jshint,',
1 verbose cli   'jscs,',
1 verbose cli   'grunt-contrib-jshint',
1 verbose cli   'grunt-jscs',
1 verbose cli   'grunt-mocha-test',
1 verbose cli   'mocha',
1 verbose cli   'chai',
1 verbose cli   'chai-http' ]
2 info using npm@1.4.28
3 info using node@v0.10.35
4 verbose readDependencies using package.json deps
5 verbose cache add [ 'grunt,', null ]
6 verbose cache add name=undefined spec="grunt," args=["grunt,",null]
7 verbose parsed url { protocol: null,
7 verbose parsed url   slashes: null,
7 verbose parsed url   auth: null,
7 verbose parsed url   host: null,
7 verbose parsed url   port: null,
7 verbose parsed url   hostname: null,
7 verbose parsed url   hash: null,
7 verbose parsed url   search: null,
7 verbose parsed url   query: null,
7 verbose parsed url   pathname: 'grunt,',
7 verbose parsed url   path: 'grunt,',
7 verbose parsed url   href: 'grunt,' }
8 verbose cache add [ 'grunt-cli,', null ]
9 verbose cache add name=undefined spec="grunt-cli," args=["grunt-cli,",null]
10 verbose parsed url { protocol: null,
10 verbose parsed url   slashes: null,
10 verbose parsed url   auth: null,
10 verbose parsed url   host: null,
10 verbose parsed url   port: null,
10 verbose parsed url   hostname: null,
10 verbose parsed url   hash: null,
10 verbose parsed url   search: null,
10 verbose parsed url   query: null,
10 verbose parsed url   pathname: 'grunt-cli,',
10 verbose parsed url   path: 'grunt-cli,',
10 verbose parsed url   href: 'grunt-cli,' }
11 verbose cache add [ 'jshint,', null ]
12 verbose cache add name=undefined spec="jshint," args=["jshint,",null]
13 verbose parsed url { protocol: null,
13 verbose parsed url   slashes: null,
13 verbose parsed url   auth: null,
13 verbose parsed url   host: null,
13 verbose parsed url   port: null,
13 verbose parsed url   hostname: null,
13 verbose parsed url   hash: null,
13 verbose parsed url   search: null,
13 verbose parsed url   query: null,
13 verbose parsed url   pathname: 'jshint,',
13 verbose parsed url   path: 'jshint,',
13 verbose parsed url   href: 'jshint,' }
14 verbose cache add [ 'jscs,', null ]
15 verbose cache add name=undefined spec="jscs," args=["jscs,",null]
16 verbose parsed url { protocol: null,
16 verbose parsed url   slashes: null,
16 verbose parsed url   auth: null,
16 verbose parsed url   host: null,
16 verbose parsed url   port: null,
16 verbose parsed url   hostname: null,
16 verbose parsed url   hash: null,
16 verbose parsed url   search: null,
16 verbose parsed url   query: null,
16 verbose parsed url   pathname: 'jscs,',
16 verbose parsed url   path: 'jscs,',
16 verbose parsed url   href: 'jscs,' }
17 verbose cache add [ 'grunt-contrib-jshint', null ]
18 verbose cache add name=undefined spec="grunt-contrib-jshint" args=["grunt-contrib-jshint",null]
19 verbose parsed url { protocol: null,
19 verbose parsed url   slashes: null,
19 verbose parsed url   auth: null,
19 verbose parsed url   host: null,
19 verbose parsed url   port: null,
19 verbose parsed url   hostname: null,
19 verbose parsed url   hash: null,
19 verbose parsed url   search: null,
19 verbose parsed url   query: null,
19 verbose parsed url   pathname: 'grunt-contrib-jshint',
19 verbose parsed url   path: 'grunt-contrib-jshint',
19 verbose parsed url   href: 'grunt-contrib-jshint' }
20 verbose cache add [ 'grunt-jscs', null ]
21 verbose cache add name=undefined spec="grunt-jscs" args=["grunt-jscs",null]
22 verbose parsed url { protocol: null,
22 verbose parsed url   slashes: null,
22 verbose parsed url   auth: null,
22 verbose parsed url   host: null,
22 verbose parsed url   port: null,
22 verbose parsed url   hostname: null,
22 verbose parsed url   hash: null,
22 verbose parsed url   search: null,
22 verbose parsed url   query: null,
22 verbose parsed url   pathname: 'grunt-jscs',
22 verbose parsed url   path: 'grunt-jscs',
22 verbose parsed url   href: 'grunt-jscs' }
23 verbose cache add [ 'grunt-mocha-test', null ]
24 verbose cache add name=undefined spec="grunt-mocha-test" args=["grunt-mocha-test",null]
25 verbose parsed url { protocol: null,
25 verbose parsed url   slashes: null,
25 verbose parsed url   auth: null,
25 verbose parsed url   host: null,
25 verbose parsed url   port: null,
25 verbose parsed url   hostname: null,
25 verbose parsed url   hash: null,
25 verbose parsed url   search: null,
25 verbose parsed url   query: null,
25 verbose parsed url   pathname: 'grunt-mocha-test',
25 verbose parsed url   path: 'grunt-mocha-test',
25 verbose parsed url   href: 'grunt-mocha-test' }
26 verbose cache add [ 'mocha', null ]
27 verbose cache add name=undefined spec="mocha" args=["mocha",null]
28 verbose parsed url { protocol: null,
28 verbose parsed url   slashes: null,
28 verbose parsed url   auth: null,
28 verbose parsed url   host: null,
28 verbose parsed url   port: null,
28 verbose parsed url   hostname: null,
28 verbose parsed url   hash: null,
28 verbose parsed url   search: null,
28 verbose parsed url   query: null,
28 verbose parsed url   pathname: 'mocha',
28 verbose parsed url   path: 'mocha',
28 verbose parsed url   href: 'mocha' }
29 verbose cache add [ 'chai', null ]
30 verbose cache add name=undefined spec="chai" args=["chai",null]
31 verbose parsed url { protocol: null,
31 verbose parsed url   slashes: null,
31 verbose parsed url   auth: null,
31 verbose parsed url   host: null,
31 verbose parsed url   port: null,
31 verbose parsed url   hostname: null,
31 verbose parsed url   hash: null,
31 verbose parsed url   search: null,
31 verbose parsed url   query: null,
31 verbose parsed url   pathname: 'chai',
31 verbose parsed url   path: 'chai',
31 verbose parsed url   href: 'chai' }
32 verbose cache add [ 'chai-http', null ]
33 verbose cache add name=undefined spec="chai-http" args=["chai-http",null]
34 verbose parsed url { protocol: null,
34 verbose parsed url   slashes: null,
34 verbose parsed url   auth: null,
34 verbose parsed url   host: null,
34 verbose parsed url   port: null,
34 verbose parsed url   hostname: null,
34 verbose parsed url   hash: null,
34 verbose parsed url   search: null,
34 verbose parsed url   query: null,
34 verbose parsed url   pathname: 'chai-http',
34 verbose parsed url   path: 'chai-http',
34 verbose parsed url   href: 'chai-http' }
35 silly lockFile f1cfd19d-grunt grunt,
36 verbose lock grunt, /Users/cjn/.npm/f1cfd19d-grunt.lock
37 silly lockFile f7127d0a-grunt-cli grunt-cli,
38 verbose lock grunt-cli, /Users/cjn/.npm/f7127d0a-grunt-cli.lock
39 silly lockFile 053f4e98-jshint jshint,
40 verbose lock jshint, /Users/cjn/.npm/053f4e98-jshint.lock
41 silly lockFile 41b95ca8-jscs jscs,
42 verbose lock jscs, /Users/cjn/.npm/41b95ca8-jscs.lock
43 silly lockFile 0324b488-grunt-contrib-jshint grunt-contrib-jshint
44 verbose lock grunt-contrib-jshint /Users/cjn/.npm/0324b488-grunt-contrib-jshint.lock
45 silly lockFile cf43c444-grunt-jscs grunt-jscs
46 verbose lock grunt-jscs /Users/cjn/.npm/cf43c444-grunt-jscs.lock
47 silly lockFile 90c6758b-grunt-mocha-test grunt-mocha-test
48 verbose lock grunt-mocha-test /Users/cjn/.npm/90c6758b-grunt-mocha-test.lock
49 silly lockFile a619da43-mocha mocha
50 verbose lock mocha /Users/cjn/.npm/a619da43-mocha.lock
51 silly lockFile 353fd541-chai chai
52 verbose lock chai /Users/cjn/.npm/353fd541-chai.lock
53 silly lockFile 2bc260a3-chai-http chai-http
54 verbose lock chai-http /Users/cjn/.npm/2bc260a3-chai-http.lock
55 silly lockFile f1cfd19d-grunt grunt,
56 silly lockFile f1cfd19d-grunt grunt,
57 silly lockFile f7127d0a-grunt-cli grunt-cli,
58 silly lockFile f7127d0a-grunt-cli grunt-cli,
59 silly lockFile 053f4e98-jshint jshint,
60 silly lockFile 053f4e98-jshint jshint,
61 silly lockFile 0324b488-grunt-contrib-jshint grunt-contrib-jshint
62 silly lockFile 0324b488-grunt-contrib-jshint grunt-contrib-jshint
63 silly lockFile cf43c444-grunt-jscs grunt-jscs
64 silly lockFile cf43c444-grunt-jscs grunt-jscs
65 silly lockFile 41b95ca8-jscs jscs,
66 silly lockFile 41b95ca8-jscs jscs,
67 silly lockFile 90c6758b-grunt-mocha-test grunt-mocha-test
68 silly lockFile 90c6758b-grunt-mocha-test grunt-mocha-test
69 verbose addNamed [ 'grunt,', '' ]
70 verbose addNamed [ null, '*' ]
71 silly lockFile 4178ee5b-grunt grunt,@
72 verbose lock grunt,@ /Users/cjn/.npm/4178ee5b-grunt.lock
73 verbose addNamed [ 'grunt-cli,', '' ]
74 verbose addNamed [ null, '*' ]
75 silly lockFile 8da00428-grunt-cli grunt-cli,@
76 verbose lock grunt-cli,@ /Users/cjn/.npm/8da00428-grunt-cli.lock
77 verbose addNamed [ 'jshint,', '' ]
78 verbose addNamed [ null, '*' ]
79 silly lockFile e9dddbe3-jshint jshint,@
80 verbose lock jshint,@ /Users/cjn/.npm/e9dddbe3-jshint.lock
81 verbose addNamed [ 'grunt-contrib-jshint', '' ]
82 verbose addNamed [ null, '*' ]
83 silly lockFile c28ce841-grunt-contrib-jshint grunt-contrib-jshint@
84 verbose lock grunt-contrib-jshint@ /Users/cjn/.npm/c28ce841-grunt-contrib-jshint.lock
85 verbose addNamed [ 'grunt-jscs', '' ]
86 verbose addNamed [ null, '*' ]
87 silly lockFile 45d72cfb-grunt-jscs grunt-jscs@
88 verbose lock grunt-jscs@ /Users/cjn/.npm/45d72cfb-grunt-jscs.lock
89 verbose addNamed [ 'jscs,', '' ]
90 verbose addNamed [ null, '*' ]
91 silly lockFile 7c2a5a67-jscs jscs,@
92 verbose lock jscs,@ /Users/cjn/.npm/7c2a5a67-jscs.lock
93 silly lockFile 353fd541-chai chai
94 silly lockFile 353fd541-chai chai
95 verbose addNamed [ 'grunt-mocha-test', '' ]
96 verbose addNamed [ null, '*' ]
97 silly lockFile b8bf61ea-grunt-mocha-test grunt-mocha-test@
98 verbose lock grunt-mocha-test@ /Users/cjn/.npm/b8bf61ea-grunt-mocha-test.lock
99 silly lockFile a619da43-mocha mocha
100 silly lockFile a619da43-mocha mocha
101 verbose addNamed [ 'chai', '' ]
102 verbose addNamed [ null, '*' ]
103 silly lockFile 583c5f63-chai chai@
104 verbose lock chai@ /Users/cjn/.npm/583c5f63-chai.lock
105 silly lockFile 2bc260a3-chai-http chai-http
106 silly lockFile 2bc260a3-chai-http chai-http
107 silly addNameRange { name: 'grunt,', range: '*', hasData: false }
108 silly addNameRange { name: 'grunt-cli,', range: '*', hasData: false }
109 silly addNameRange { name: 'jshint,', range: '*', hasData: false }
110 verbose addNamed [ 'mocha', '' ]
111 verbose addNamed [ null, '*' ]
112 silly lockFile b9899f31-mocha mocha@
113 verbose lock mocha@ /Users/cjn/.npm/b9899f31-mocha.lock
114 silly addNameRange { name: 'grunt-contrib-jshint', range: '*', hasData: false }
115 silly addNameRange { name: 'jscs,', range: '*', hasData: false }
116 silly addNameRange { name: 'grunt-jscs', range: '*', hasData: false }
117 silly addNameRange { name: 'grunt-mocha-test', range: '*', hasData: false }
118 verbose addNamed [ 'chai-http', '' ]
119 verbose addNamed [ null, '*' ]
120 silly lockFile c340c341-chai-http chai-http@
121 verbose lock chai-http@ /Users/cjn/.npm/c340c341-chai-http.lock
122 verbose request where is /grunt,
123 verbose request registry https://registry.npmjs.org/
124 verbose request id 08a71dfd925fe1b6
125 verbose url raw /grunt,
126 verbose url resolving [ 'https://registry.npmjs.org/', './grunt%2C' ]
127 verbose url resolved https://registry.npmjs.org/grunt%2C
128 verbose request where is https://registry.npmjs.org/grunt%2C
129 info trying registry request attempt 1 at 17:04:10
130 http GET https://registry.npmjs.org/grunt%2C
131 verbose request where is /grunt-cli,
132 verbose request registry https://registry.npmjs.org/
133 verbose url raw /grunt-cli,
134 verbose url resolving [ 'https://registry.npmjs.org/', './grunt-cli%2C' ]
135 verbose url resolved https://registry.npmjs.org/grunt-cli%2C
136 verbose request where is https://registry.npmjs.org/grunt-cli%2C
137 info trying registry request attempt 1 at 17:04:10
138 http GET https://registry.npmjs.org/grunt-cli%2C
139 verbose request where is /jshint,
140 verbose request registry https://registry.npmjs.org/
141 verbose url raw /jshint,
142 verbose url resolving [ 'https://registry.npmjs.org/', './jshint%2C' ]
143 verbose url resolved https://registry.npmjs.org/jshint%2C
144 verbose request where is https://registry.npmjs.org/jshint%2C
145 info trying registry request attempt 1 at 17:04:10
146 http GET https://registry.npmjs.org/jshint%2C
147 verbose request where is /jscs,
148 verbose request registry https://registry.npmjs.org/
149 verbose url raw /jscs,
150 verbose url resolving [ 'https://registry.npmjs.org/', './jscs%2C' ]
151 verbose url resolved https://registry.npmjs.org/jscs%2C
152 verbose request where is https://registry.npmjs.org/jscs%2C
153 info trying registry request attempt 1 at 17:04:10
154 http GET https://registry.npmjs.org/jscs%2C
155 silly addNameRange { name: 'chai', range: '*', hasData: false }
156 silly addNameRange { name: 'mocha', range: '*', hasData: false }
157 silly addNameRange { name: 'chai-http', range: '*', hasData: false }
158 verbose request where is /grunt-jscs
159 verbose request registry https://registry.npmjs.org/
160 verbose url raw /grunt-jscs
161 verbose url resolving [ 'https://registry.npmjs.org/', './grunt-jscs' ]
162 verbose url resolved https://registry.npmjs.org/grunt-jscs
163 verbose request where is https://registry.npmjs.org/grunt-jscs
164 info trying registry request attempt 1 at 17:04:10
165 verbose etag "1ZFJFU01MMH7NANFKBVJOO7XY"
166 http GET https://registry.npmjs.org/grunt-jscs
167 verbose request where is /grunt-contrib-jshint
168 verbose request registry https://registry.npmjs.org/
169 verbose url raw /grunt-contrib-jshint
170 verbose url resolving [ 'https://registry.npmjs.org/', './grunt-contrib-jshint' ]
171 verbose url resolved https://registry.npmjs.org/grunt-contrib-jshint
172 verbose request where is https://registry.npmjs.org/grunt-contrib-jshint
173 info trying registry request attempt 1 at 17:04:10
174 verbose etag "6W17FNYDH7I4C9450PG4OOQCB"
175 http GET https://registry.npmjs.org/grunt-contrib-jshint
176 verbose request where is /grunt-mocha-test
177 verbose request registry https://registry.npmjs.org/
178 verbose url raw /grunt-mocha-test
179 verbose url resolving [ 'https://registry.npmjs.org/', './grunt-mocha-test' ]
180 verbose url resolved https://registry.npmjs.org/grunt-mocha-test
181 verbose request where is https://registry.npmjs.org/grunt-mocha-test
182 info trying registry request attempt 1 at 17:04:10
183 verbose etag "AEPWPU9ISKH8EEUEROZVY9FEC"
184 http GET https://registry.npmjs.org/grunt-mocha-test
185 verbose request where is /chai
186 verbose request registry https://registry.npmjs.org/
187 verbose url raw /chai
188 verbose url resolving [ 'https://registry.npmjs.org/', './chai' ]
189 verbose url resolved https://registry.npmjs.org/chai
190 verbose request where is https://registry.npmjs.org/chai
191 info trying registry request attempt 1 at 17:04:10
192 verbose etag "911YTAB792L3LFFBX4ZQ2PQBF"
193 http GET https://registry.npmjs.org/chai
194 verbose request where is /chai-http
195 verbose request registry https://registry.npmjs.org/
196 verbose url raw /chai-http
197 verbose url resolving [ 'https://registry.npmjs.org/', './chai-http' ]
198 verbose url resolved https://registry.npmjs.org/chai-http
199 verbose request where is https://registry.npmjs.org/chai-http
200 info trying registry request attempt 1 at 17:04:10
201 verbose etag "3NNQ39FINCWICUYAZQRDVU51D"
202 http GET https://registry.npmjs.org/chai-http
203 verbose request where is /mocha
204 verbose request registry https://registry.npmjs.org/
205 verbose url raw /mocha
206 verbose url resolving [ 'https://registry.npmjs.org/', './mocha' ]
207 verbose url resolved https://registry.npmjs.org/mocha
208 verbose request where is https://registry.npmjs.org/mocha
209 info trying registry request attempt 1 at 17:04:10
210 verbose etag "CGZTDDVEB7Z9Y1A72STPKVCZJ"
211 http GET https://registry.npmjs.org/mocha
212 http 404 https://registry.npmjs.org/grunt-cli%2C
213 verbose headers { server: 'CouchDB/1.5.0 (Erlang OTP/R16B03)',
213 verbose headers   'content-type': 'application/json',
213 verbose headers   'cache-control': 'max-age=0',
213 verbose headers   'content-length': '51',
213 verbose headers   'accept-ranges': 'bytes',
213 verbose headers   date: 'Sun, 24 May 2015 00:04:11 GMT',
213 verbose headers   via: '1.1 varnish',
213 verbose headers   age: '0',
213 verbose headers   connection: 'keep-alive',
213 verbose headers   'x-served-by': 'cache-lax1426-LAX',
213 verbose headers   'x-cache': 'MISS',
213 verbose headers   'x-cache-hits': '0',
213 verbose headers   'x-timer': 'S1432425851.664761,VS0,VE48' }
214 silly registry.get cb [ 404,
214 silly registry.get   { server: 'CouchDB/1.5.0 (Erlang OTP/R16B03)',
214 silly registry.get     'content-type': 'application/json',
214 silly registry.get     'cache-control': 'max-age=0',
214 silly registry.get     'content-length': '51',
214 silly registry.get     'accept-ranges': 'bytes',
214 silly registry.get     date: 'Sun, 24 May 2015 00:04:11 GMT',
214 silly registry.get     via: '1.1 varnish',
214 silly registry.get     age: '0',
214 silly registry.get     connection: 'keep-alive',
214 silly registry.get     'x-served-by': 'cache-lax1426-LAX',
214 silly registry.get     'x-cache': 'MISS',
214 silly registry.get     'x-cache-hits': '0',
214 silly registry.get     'x-timer': 'S1432425851.664761,VS0,VE48' } ]
215 silly lockFile 8da00428-grunt-cli grunt-cli,@
216 silly lockFile 8da00428-grunt-cli grunt-cli,@
217 http 404 https://registry.npmjs.org/grunt%2C
218 verbose headers { server: 'CouchDB/1.5.0 (Erlang OTP/R16B03)',
218 verbose headers   'content-type': 'application/json',
218 verbose headers   'cache-control': 'max-age=0',
218 verbose headers   'content-length': '51',
218 verbose headers   'accept-ranges': 'bytes',
218 verbose headers   date: 'Sun, 24 May 2015 00:04:11 GMT',
218 verbose headers   via: '1.1 varnish',
218 verbose headers   age: '0',
218 verbose headers   connection: 'keep-alive',
218 verbose headers   'x-served-by': 'cache-lax1428-LAX',
218 verbose headers   'x-cache': 'MISS',
218 verbose headers   'x-cache-hits': '0',
218 verbose headers   'x-timer': 'S1432425851.677004,VS0,VE48' }
219 silly registry.get cb [ 404,
219 silly registry.get   { server: 'CouchDB/1.5.0 (Erlang OTP/R16B03)',
219 silly registry.get     'content-type': 'application/json',
219 silly registry.get     'cache-control': 'max-age=0',
219 silly registry.get     'content-length': '51',
219 silly registry.get     'accept-ranges': 'bytes',
219 silly registry.get     date: 'Sun, 24 May 2015 00:04:11 GMT',
219 silly registry.get     via: '1.1 varnish',
219 silly registry.get     age: '0',
219 silly registry.get     connection: 'keep-alive',
219 silly registry.get     'x-served-by': 'cache-lax1428-LAX',
219 silly registry.get     'x-cache': 'MISS',
219 silly registry.get     'x-cache-hits': '0',
219 silly registry.get     'x-timer': 'S1432425851.677004,VS0,VE48' } ]
220 silly lockFile 4178ee5b-grunt grunt,@
221 silly lockFile 4178ee5b-grunt grunt,@
222 http 304 https://registry.npmjs.org/grunt-jscs
223 silly registry.get cb [ 304,
223 silly registry.get   { date: 'Sun, 24 May 2015 00:04:11 GMT',
223 silly registry.get     via: '1.1 varnish',
223 silly registry.get     'cache-control': 'max-age=60',
223 silly registry.get     etag: '"1ZFJFU01MMH7NANFKBVJOO7XY"',
223 silly registry.get     age: '0',
223 silly registry.get     connection: 'keep-alive',
223 silly registry.get     'x-served-by': 'cache-lax1434-LAX',
223 silly registry.get     'x-cache': 'HIT',
223 silly registry.get     'x-cache-hits': '1',
223 silly registry.get     'x-timer': 'S1432425851.696988,VS0,VE46',
223 silly registry.get     vary: 'Accept' } ]
224 verbose etag https://registry.npmjs.org/grunt-jscs from cache
225 http 404 https://registry.npmjs.org/jscs%2C
226 verbose headers { server: 'CouchDB/1.5.0 (Erlang OTP/R16B03)',
226 verbose headers   'content-type': 'application/json',
226 verbose headers   'cache-control': 'max-age=0',
226 verbose headers   'content-length': '51',
226 verbose headers   'accept-ranges': 'bytes',
226 verbose headers   date: 'Sun, 24 May 2015 00:04:11 GMT',
226 verbose headers   via: '1.1 varnish',
226 verbose headers   age: '0',
226 verbose headers   connection: 'keep-alive',
226 verbose headers   'x-served-by': 'cache-lax1432-LAX',
226 verbose headers   'x-cache': 'MISS',
226 verbose headers   'x-cache-hits': '0',
226 verbose headers   'x-timer': 'S1432425851.703967,VS0,VE49' }
227 silly registry.get cb [ 404,
227 silly registry.get   { server: 'CouchDB/1.5.0 (Erlang OTP/R16B03)',
227 silly registry.get     'content-type': 'application/json',
227 silly registry.get     'cache-control': 'max-age=0',
227 silly registry.get     'content-length': '51',
227 silly registry.get     'accept-ranges': 'bytes',
227 silly registry.get     date: 'Sun, 24 May 2015 00:04:11 GMT',
227 silly registry.get     via: '1.1 varnish',
227 silly registry.get     age: '0',
227 silly registry.get     connection: 'keep-alive',
227 silly registry.get     'x-served-by': 'cache-lax1432-LAX',
227 silly registry.get     'x-cache': 'MISS',
227 silly registry.get     'x-cache-hits': '0',
227 silly registry.get     'x-timer': 'S1432425851.703967,VS0,VE49' } ]
228 silly lockFile 7c2a5a67-jscs jscs,@
229 silly lockFile 7c2a5a67-jscs jscs,@
230 silly addNameRange number 2 { name: 'grunt-jscs', range: '*', hasData: true }
231 silly addNameRange versions [ 'grunt-jscs',
231 silly addNameRange   [ '0.6.0',
231 silly addNameRange     '0.6.1',
231 silly addNameRange     '0.6.2',
231 silly addNameRange     '0.7.0',
231 silly addNameRange     '0.7.1',
231 silly addNameRange     '0.8.0',
231 silly addNameRange     '0.8.1',
231 silly addNameRange     '1.0.0',
231 silly addNameRange     '1.1.0',
231 silly addNameRange     '1.2.0',
231 silly addNameRange     '1.3.0',
231 silly addNameRange     '1.5.0',
231 silly addNameRange     '1.6.0',
231 silly addNameRange     '1.6.1',
231 silly addNameRange     '1.7.0',
231 silly addNameRange     '1.6.2',
231 silly addNameRange     '1.8.0' ] ]
232 verbose addNamed [ 'grunt-jscs', '1.8.0' ]
233 verbose addNamed [ '1.8.0', '1.8.0' ]
234 silly lockFile 16b7e55e-grunt-jscs-1-8-0 grunt-jscs@1.8.0
235 verbose lock grunt-jscs@1.8.0 /Users/cjn/.npm/16b7e55e-grunt-jscs-1-8-0.lock
236 silly lockFile 16b7e55e-grunt-jscs-1-8-0 grunt-jscs@1.8.0
237 silly lockFile 16b7e55e-grunt-jscs-1-8-0 grunt-jscs@1.8.0
238 silly lockFile 45d72cfb-grunt-jscs grunt-jscs@
239 silly lockFile 45d72cfb-grunt-jscs grunt-jscs@
240 http 304 https://registry.npmjs.org/grunt-mocha-test
241 silly registry.get cb [ 304,
241 silly registry.get   { date: 'Sun, 24 May 2015 00:04:11 GMT',
241 silly registry.get     via: '1.1 varnish',
241 silly registry.get     'cache-control': 'max-age=60',
241 silly registry.get     etag: '"AEPWPU9ISKH8EEUEROZVY9FEC"',
241 silly registry.get     age: '33',
241 silly registry.get     connection: 'keep-alive',
241 silly registry.get     'x-served-by': 'cache-lax1428-LAX',
241 silly registry.get     'x-cache': 'HIT',
241 silly registry.get     'x-cache-hits': '1',
241 silly registry.get     'x-timer': 'S1432425851.791331,VS0,VE0',
241 silly registry.get     vary: 'Accept' } ]
242 verbose etag https://registry.npmjs.org/grunt-mocha-test from cache
243 silly addNameRange number 2 { name: 'grunt-mocha-test', range: '*', hasData: true }
244 silly addNameRange versions [ 'grunt-mocha-test',
244 silly addNameRange   [ '0.0.1',
244 silly addNameRange     '0.1.0',
244 silly addNameRange     '0.1.1',
244 silly addNameRange     '0.2.0',
244 silly addNameRange     '0.2.1',
244 silly addNameRange     '0.2.2',
244 silly addNameRange     '0.3.0',
244 silly addNameRange     '0.3.1',
244 silly addNameRange     '0.3.2',
244 silly addNameRange     '0.3.3',
244 silly addNameRange     '0.3.4',
244 silly addNameRange     '0.3.5',
244 silly addNameRange     '0.4.0',
244 silly addNameRange     '0.5.0',
244 silly addNameRange     '0.6.0',
244 silly addNameRange     '0.6.1',
244 silly addNameRange     '0.6.2',
244 silly addNameRange     '0.6.3',
244 silly addNameRange     '0.7.0',
244 silly addNameRange     '0.8.0',
244 silly addNameRange     '0.8.1',
244 silly addNameRange     '0.8.2',
244 silly addNameRange     '0.9.0',
244 silly addNameRange     '0.9.1',
244 silly addNameRange     '0.9.2',
244 silly addNameRange     '0.9.3',
244 silly addNameRange     '0.9.4',
244 silly addNameRange     '0.10.0',
244 silly addNameRange     '0.10.1',
244 silly addNameRange     '0.10.2',
244 silly addNameRange     '0.11.0',
244 silly addNameRange     '0.12.0',
244 silly addNameRange     '0.12.1',
244 silly addNameRange     '0.12.2',
244 silly addNameRange     '0.12.3',
244 silly addNameRange     '0.12.4',
244 silly addNameRange     '0.12.5',
244 silly addNameRange     '0.12.6',
244 silly addNameRange     '0.12.7' ] ]
245 verbose addNamed [ 'grunt-mocha-test', '0.12.7' ]
246 verbose addNamed [ '0.12.7', '0.12.7' ]
247 silly lockFile 90acd850-grunt-mocha-test-0-12-7 grunt-mocha-test@0.12.7
248 verbose lock grunt-mocha-test@0.12.7 /Users/cjn/.npm/90acd850-grunt-mocha-test-0-12-7.lock
249 silly lockFile 90acd850-grunt-mocha-test-0-12-7 grunt-mocha-test@0.12.7
250 silly lockFile 90acd850-grunt-mocha-test-0-12-7 grunt-mocha-test@0.12.7
251 silly lockFile b8bf61ea-grunt-mocha-test grunt-mocha-test@
252 silly lockFile b8bf61ea-grunt-mocha-test grunt-mocha-test@
253 http 304 https://registry.npmjs.org/mocha
254 silly registry.get cb [ 304,
254 silly registry.get   { date: 'Sun, 24 May 2015 00:04:11 GMT',
254 silly registry.get     via: '1.1 varnish',
254 silly registry.get     'cache-control': 'max-age=60',
254 silly registry.get     etag: '"CGZTDDVEB7Z9Y1A72STPKVCZJ"',
254 silly registry.get     age: '43',
254 silly registry.get     connection: 'keep-alive',
254 silly registry.get     'x-served-by': 'cache-lax1428-LAX',
254 silly registry.get     'x-cache': 'HIT',
254 silly registry.get     'x-cache-hits': '1',
254 silly registry.get     'x-timer': 'S1432425851.835012,VS0,VE1',
254 silly registry.get     vary: 'Accept' } ]
255 verbose etag https://registry.npmjs.org/mocha from cache
256 http 304 https://registry.npmjs.org/chai
257 silly registry.get cb [ 304,
257 silly registry.get   { date: 'Sun, 24 May 2015 00:04:11 GMT',
257 silly registry.get     via: '1.1 varnish',
257 silly registry.get     'cache-control': 'max-age=60',
257 silly registry.get     etag: '"911YTAB792L3LFFBX4ZQ2PQBF"',
257 silly registry.get     age: '0',
257 silly registry.get     connection: 'keep-alive',
257 silly registry.get     'x-served-by': 'cache-lax1434-LAX',
257 silly registry.get     'x-cache': 'HIT',
257 silly registry.get     'x-cache-hits': '1',
257 silly registry.get     'x-timer': 'S1432425851.791198,VS0,VE48',
257 silly registry.get     vary: 'Accept' } ]
258 verbose etag https://registry.npmjs.org/chai from cache
259 silly addNameRange number 2 { name: 'mocha', range: '*', hasData: true }
260 silly addNameRange versions [ 'mocha',
260 silly addNameRange   [ '0.0.1-alpha1',
260 silly addNameRange     '0.0.1-alpha2',
260 silly addNameRange     '0.0.1-alpha3',
260 silly addNameRange     '0.0.1-alpha4',
260 silly addNameRange     '0.0.1-alpha5',
260 silly addNameRange     '0.0.1-alpha6',
260 silly addNameRange     '0.0.1',
260 silly addNameRange     '0.0.2',
260 silly addNameRange     '0.0.3',
260 silly addNameRange     '0.0.4',
260 silly addNameRange     '0.0.5',
260 silly addNameRange     '0.0.6',
260 silly addNameRange     '0.0.7',
260 silly addNameRange     '0.0.8',
260 silly addNameRange     '0.1.0',
260 silly addNameRange     '0.2.0',
260 silly addNameRange     '0.3.0',
260 silly addNameRange     '0.3.1',
260 silly addNameRange     '0.3.2',
260 silly addNameRange     '0.3.3',
260 silly addNameRange     '0.3.4',
260 silly addNameRange     '0.3.6',
260 silly addNameRange     '0.4.0',
260 silly addNameRange     '0.5.0',
260 silly addNameRange     '0.6.0',
260 silly addNameRange     '0.7.0',
260 silly addNameRange     '0.7.1',
260 silly addNameRange     '0.8.0',
260 silly addNameRange     '0.8.1',
260 silly addNameRange     '0.9.0',
260 silly addNameRange     '0.10.0',
260 silly addNameRange     '0.10.1',
260 silly addNameRange     '0.10.2',
260 silly addNameRange     '0.11.0',
260 silly addNameRange     '0.12.0',
260 silly addNameRange     '0.12.1',
260 silly addNameRange     '0.13.0',
260 silly addNameRange     '0.14.0',
260 silly addNameRange     '0.14.1',
260 silly addNameRange     '1.0.0',
260 silly addNameRange     '1.0.1',
260 silly addNameRange     '1.0.2',
260 silly addNameRange     '1.0.3',
260 silly addNameRange     '1.1.0',
260 silly addNameRange     '1.2.0',
260 silly addNameRange     '1.2.1',
260 silly addNameRange     '1.2.2',
260 silly addNameRange     '1.3.0',
260 silly addNameRange     '1.3.1',
260 silly addNameRange     '1.3.2',
260 silly addNameRange     '1.4.0',
260 silly addNameRange     '1.4.1',
260 silly addNameRange     '1.4.2',
260 silly addNameRange     '1.4.3',
260 silly addNameRange     '1.5.0',
260 silly addNameRange     '1.6.0',
260 silly addNameRange     '1.7.0',
260 silly addNameRange     '1.7.1',
260 silly addNameRange     '1.7.2',
260 silly addNameRange     '1.7.3',
260 silly addNameRange     '1.7.4',
260 silly addNameRange     '1.8.0',
260 silly addNameRange     '1.8.1',
260 silly addNameRange     '1.8.2',
260 silly addNameRange     '1.9.0',
260 silly addNameRange     '1.10.0',
260 silly addNameRange     '1.11.0',
260 silly addNameRange     '1.12.0',
260 silly addNameRange     '1.12.1',
260 silly addNameRange     '1.13.0',
260 silly addNameRange     '1.14.0',
260 silly addNameRange     '1.15.0',
260 silly addNameRange     '1.15.1',
260 silly addNameRange     '1.16.0',
260 silly addNameRange     '1.16.1',
260 silly addNameRange     '1.16.2',
260 silly addNameRange     '1.17.0',
260 silly addNameRange     '1.17.1',
260 silly addNameRange     '1.18.0',
260 silly addNameRange     '1.18.1',
260 silly addNameRange     '1.18.2',
260 silly addNameRange     '1.19.0',
260 silly addNameRange     '1.20.0',
260 silly addNameRange     '1.20.1',
260 silly addNameRange     '1.21.0',
260 silly addNameRange     '1.21.1',
260 silly addNameRange     '1.21.2',
260 silly addNameRange     '1.21.3',
260 silly addNameRange     '1.21.4',
260 silly addNameRange     '1.21.5',
260 silly addNameRange     '2.0.0',
260 silly addNameRange     '2.0.1',
260 silly addNameRange     '2.1.0',
260 silly addNameRange     '2.2.0',
260 silly addNameRange     '2.2.1',
260 silly addNameRange     '2.2.3',
260 silly addNameRange     '2.2.4',
260 silly addNameRange     '2.2.5' ] ]
261 verbose addNamed [ 'mocha', '2.2.5' ]
262 verbose addNamed [ '2.2.5', '2.2.5' ]
263 silly lockFile 7cbd0d39-mocha-2-2-5 mocha@2.2.5
264 verbose lock mocha@2.2.5 /Users/cjn/.npm/7cbd0d39-mocha-2-2-5.lock
265 silly addNameRange number 2 { name: 'chai', range: '*', hasData: true }
266 silly addNameRange versions [ 'chai',
266 silly addNameRange   [ '0.0.1',
266 silly addNameRange     '0.0.2',
266 silly addNameRange     '0.1.0',
266 silly addNameRange     '0.1.1',
266 silly addNameRange     '0.1.2',
266 silly addNameRange     '0.1.3',
266 silly addNameRange     '0.1.4',
266 silly addNameRange     '0.1.5',
266 silly addNameRange     '0.1.6',
266 silly addNameRange     '0.1.7',
266 silly addNameRange     '0.2.0',
266 silly addNameRange     '0.2.1',
266 silly addNameRange     '0.2.2',
266 silly addNameRange     '0.2.3',
266 silly addNameRange     '0.2.4',
266 silly addNameRange     '0.3.0',
266 silly addNameRange     '0.3.1',
266 silly addNameRange     '0.3.2',
266 silly addNameRange     '0.3.3',
266 silly addNameRange     '0.3.4',
266 silly addNameRange     '0.4.0',
266 silly addNameRange     '0.4.1',
266 silly addNameRange     '0.4.2',
266 silly addNameRange     '0.5.0',
266 silly addNameRange     '0.5.1',
266 silly addNameRange     '0.5.2',
266 silly addNameRange     '0.5.3',
266 silly addNameRange     '1.0.0',
266 silly addNameRange     '1.0.1',
266 silly addNameRange     '1.0.2',
266 silly addNameRange     '1.0.3',
266 silly addNameRange     '1.0.4',
266 silly addNameRange     '1.1.0',
266 silly addNameRange     '1.1.1',
266 silly addNameRange     '1.2.0',
266 silly addNameRange     '1.3.0',
266 silly addNameRange     '1.4.0',
266 silly addNameRange     '1.4.1',
266 silly addNameRange     '1.4.2',
266 silly addNameRange     '1.5.0',
266 silly addNameRange     '1.6.0',
266 silly addNameRange     '1.6.1',
266 silly addNameRange     '1.7.0',
266 silly addNameRange     '1.7.1',
266 silly addNameRange     '1.7.2',
266 silly addNameRange     '1.8.0',
266 silly addNameRange     '1.8.1',
266 silly addNameRange     '1.9.0',
266 silly addNameRange     '1.9.1',
266 silly addNameRange     '1.9.2',
266 silly addNameRange     '1.10.0',
266 silly addNameRange     '2.0.0',
266 silly addNameRange     '2.1.0',
266 silly addNameRange     '2.1.1',
266 silly addNameRange     '2.1.2',
266 silly addNameRange     '2.2.0',
266 silly addNameRange     '2.3.0' ] ]
267 verbose addNamed [ 'chai', '2.3.0' ]
268 verbose addNamed [ '2.3.0', '2.3.0' ]
269 silly lockFile dc997df9-chai-2-3-0 chai@2.3.0
270 verbose lock chai@2.3.0 /Users/cjn/.npm/dc997df9-chai-2-3-0.lock
271 silly lockFile dc997df9-chai-2-3-0 chai@2.3.0
272 silly lockFile dc997df9-chai-2-3-0 chai@2.3.0
273 silly lockFile 583c5f63-chai chai@
274 silly lockFile 583c5f63-chai chai@
275 silly lockFile 7cbd0d39-mocha-2-2-5 mocha@2.2.5
276 silly lockFile 7cbd0d39-mocha-2-2-5 mocha@2.2.5
277 silly lockFile b9899f31-mocha mocha@
278 silly lockFile b9899f31-mocha mocha@
279 http 304 https://registry.npmjs.org/chai-http
280 silly registry.get cb [ 304,
280 silly registry.get   { date: 'Sun, 24 May 2015 00:04:11 GMT',
280 silly registry.get     via: '1.1 varnish',
280 silly registry.get     'cache-control': 'max-age=60',
280 silly registry.get     etag: '"3NNQ39FINCWICUYAZQRDVU51D"',
280 silly registry.get     age: '0',
280 silly registry.get     connection: 'keep-alive',
280 silly registry.get     'x-served-by': 'cache-lax1432-LAX',
280 silly registry.get     'x-cache': 'HIT',
280 silly registry.get     'x-cache-hits': '1',
280 silly registry.get     'x-timer': 'S1432425851.792257,VS0,VE81',
280 silly registry.get     vary: 'Accept' } ]
281 verbose etag https://registry.npmjs.org/chai-http from cache
282 silly addNameRange number 2 { name: 'chai-http', range: '*', hasData: true }
283 silly addNameRange versions [ 'chai-http',
283 silly addNameRange   [ '0.1.0', '0.2.0', '0.3.0', '0.4.0', '0.5.0', '1.0.0' ] ]
284 verbose addNamed [ 'chai-http', '1.0.0' ]
285 verbose addNamed [ '1.0.0', '1.0.0' ]
286 silly lockFile 229372d6-chai-http-1-0-0 chai-http@1.0.0
287 verbose lock chai-http@1.0.0 /Users/cjn/.npm/229372d6-chai-http-1-0-0.lock
288 silly lockFile 229372d6-chai-http-1-0-0 chai-http@1.0.0
289 silly lockFile 229372d6-chai-http-1-0-0 chai-http@1.0.0
290 silly lockFile c340c341-chai-http chai-http@
291 silly lockFile c340c341-chai-http chai-http@
292 http 200 https://registry.npmjs.org/grunt-contrib-jshint
293 silly registry.get cb [ 200,
293 silly registry.get   { server: 'CouchDB/1.5.0 (Erlang OTP/R16B03)',
293 silly registry.get     etag: '"3UJE2O7NGEJQOYKOKOFCU4PBM"',
293 silly registry.get     'content-type': 'application/json',
293 silly registry.get     'cache-control': 'max-age=60',
293 silly registry.get     'content-length': '59099',
293 silly registry.get     'accept-ranges': 'bytes',
293 silly registry.get     date: 'Sun, 24 May 2015 00:04:11 GMT',
293 silly registry.get     via: '1.1 varnish',
293 silly registry.get     age: '0',
293 silly registry.get     connection: 'keep-alive',
293 silly registry.get     'x-served-by': 'cache-lax1426-LAX',
293 silly registry.get     'x-cache': 'HIT',
293 silly registry.get     'x-cache-hits': '1',
293 silly registry.get     'x-timer': 'S1432425851.769310,VS0,VE82',
293 silly registry.get     vary: 'Accept' } ]
294 silly addNameRange number 2 { name: 'grunt-contrib-jshint', range: '*', hasData: true }
295 silly addNameRange versions [ 'grunt-contrib-jshint',
295 silly addNameRange   [ '0.1.0',
295 silly addNameRange     '0.1.1',
295 silly addNameRange     '0.2.0',
295 silly addNameRange     '0.3.0',
295 silly addNameRange     '0.4.0',
295 silly addNameRange     '0.4.1',
295 silly addNameRange     '0.4.2',
295 silly addNameRange     '0.4.3',
295 silly addNameRange     '0.5.0',
295 silly addNameRange     '0.5.1',
295 silly addNameRange     '0.5.2',
295 silly addNameRange     '0.5.3',
295 silly addNameRange     '0.5.4',
295 silly addNameRange     '0.6.0',
295 silly addNameRange     '0.6.1',
295 silly addNameRange     '0.6.2',
295 silly addNameRange     '0.6.3',
295 silly addNameRange     '0.6.4',
295 silly addNameRange     '0.6.5',
295 silly addNameRange     '0.7.0',
295 silly addNameRange     '0.7.1',
295 silly addNameRange     '0.7.2',
295 silly addNameRange     '0.8.0',
295 silly addNameRange     '0.9.0',
295 silly addNameRange     '0.9.1',
295 silly addNameRange     '0.9.2',
295 silly addNameRange     '0.10.0',
295 silly addNameRange     '0.11.0',
295 silly addNameRange     '0.11.1',
295 silly addNameRange     '0.11.2',
295 silly addNameRange     '0.1.1-rc5',
295 silly addNameRange     '0.1.1-rc6' ] ]
296 verbose addNamed [ 'grunt-contrib-jshint', '0.11.2' ]
297 verbose addNamed [ '0.11.2', '0.11.2' ]
298 silly lockFile 53316110-grunt-contrib-jshint-0-11-2 grunt-contrib-jshint@0.11.2
299 verbose lock grunt-contrib-jshint@0.11.2 /Users/cjn/.npm/53316110-grunt-contrib-jshint-0-11-2.lock
300 silly lockFile 53316110-grunt-contrib-jshint-0-11-2 grunt-contrib-jshint@0.11.2
301 silly lockFile 53316110-grunt-contrib-jshint-0-11-2 grunt-contrib-jshint@0.11.2
302 silly lockFile c28ce841-grunt-contrib-jshint grunt-contrib-jshint@
303 silly lockFile c28ce841-grunt-contrib-jshint grunt-contrib-jshint@
304 http 404 https://registry.npmjs.org/jshint%2C
305 verbose headers { server: 'CouchDB/1.5.0 (Erlang OTP/R16B03)',
305 verbose headers   'content-type': 'application/json',
305 verbose headers   'cache-control': 'max-age=0',
305 verbose headers   'content-length': '51',
305 verbose headers   'accept-ranges': 'bytes',
305 verbose headers   date: 'Sun, 24 May 2015 00:04:12 GMT',
305 verbose headers   via: '1.1 varnish',
305 verbose headers   age: '0',
305 verbose headers   connection: 'keep-alive',
305 verbose headers   'x-served-by': 'cache-lax1422-LAX',
305 verbose headers   'x-cache': 'MISS',
305 verbose headers   'x-cache-hits': '0',
305 verbose headers   'x-timer': 'S1432425851.665012,VS0,VE336' }
306 silly registry.get cb [ 404,
306 silly registry.get   { server: 'CouchDB/1.5.0 (Erlang OTP/R16B03)',
306 silly registry.get     'content-type': 'application/json',
306 silly registry.get     'cache-control': 'max-age=0',
306 silly registry.get     'content-length': '51',
306 silly registry.get     'accept-ranges': 'bytes',
306 silly registry.get     date: 'Sun, 24 May 2015 00:04:12 GMT',
306 silly registry.get     via: '1.1 varnish',
306 silly registry.get     age: '0',
306 silly registry.get     connection: 'keep-alive',
306 silly registry.get     'x-served-by': 'cache-lax1422-LAX',
306 silly registry.get     'x-cache': 'MISS',
306 silly registry.get     'x-cache-hits': '0',
306 silly registry.get     'x-timer': 'S1432425851.665012,VS0,VE336' } ]
307 silly lockFile e9dddbe3-jshint jshint,@
308 silly lockFile e9dddbe3-jshint jshint,@
309 error 404 404 Not Found: grunt-cli%2C
309 error 404
309 error 404 'grunt-cli%2C' is not in the npm registry.
309 error 404 You should bug the author to publish it
309 error 404 It was specified as a dependency of 'node_server_template'
309 error 404
309 error 404 Note that you can also install from a
309 error 404 tarball, folder, or http url, or git url.
310 error System Darwin 14.1.0
311 error command "/Users/cjn/.node/bin/node" "/Users/cjn/.node/bin/npm" "install" "--save-dev" "grunt," "grunt-cli," "jshint," "jscs," "grunt-contrib-jshint" "grunt-jscs" "grunt-mocha-test" "mocha" "chai" "chai-http"
312 error cwd /Users/cjn/programming/templates/node
313 error node -v v0.10.35
314 error npm -v 1.4.28
315 error code E404
316 verbose exit [ 1, true ]
